<?xml version="1.0" encoding="UTF-8"?>
<coverage generated="1616936982504" clover="3.2.0">
  <project timestamp="1616936982505" name="All files">
    <metrics statements="40" coveredstatements="20" conditionals="4" coveredconditionals="2" methods="24" coveredmethods="6" elements="68" coveredelements="28" complexity="0" loc="40" ncloc="40" packages="4" files="6" classes="6"/>
    <package name="random-post">
      <metrics statements="3" coveredstatements="3" conditionals="0" coveredconditionals="0" methods="1" coveredmethods="1"/>
      <file name="App.js" path="/home/qli/WebstormProjects/random-post/App.js">
        <metrics statements="3" coveredstatements="3" conditionals="0" coveredconditionals="0" methods="1" coveredmethods="1"/>
        <line num="7" count="1" type="stmt"/>
        <line num="9" count="1" type="stmt"/>
        <line num="10" count="2" type="stmt"/>
      </file>
    </package>
    <package name="random-post.src">
      <metrics statements="1" coveredstatements="1" conditionals="0" coveredconditionals="0" methods="0" coveredmethods="0"/>
      <file name="styles.js" path="/home/qli/WebstormProjects/random-post/src/styles.js">
        <metrics statements="1" coveredstatements="1" conditionals="0" coveredconditionals="0" methods="0" coveredmethods="0"/>
        <line num="3" count="1" type="stmt"/>
      </file>
    </package>
    <package name="random-post.src.DetailScreen">
      <metrics statements="18" coveredstatements="4" conditionals="2" coveredconditionals="0" methods="11" coveredmethods="0"/>
      <file name="DetailScreen.js" path="/home/qli/WebstormProjects/random-post/src/DetailScreen/DetailScreen.js">
        <metrics statements="16" coveredstatements="3" conditionals="2" coveredconditionals="0" methods="10" coveredmethods="0"/>
        <line num="12" count="1" type="stmt"/>
        <line num="13" count="1" type="stmt"/>
        <line num="15" count="1" type="stmt"/>
        <line num="16" count="0" type="stmt"/>
        <line num="17" count="0" type="stmt"/>
        <line num="18" count="0" type="stmt"/>
        <line num="20" count="0" type="stmt"/>
        <line num="21" count="0" type="stmt"/>
        <line num="22" count="0" type="stmt"/>
        <line num="23" count="0" type="stmt"/>
        <line num="24" count="0" type="stmt"/>
        <line num="25" count="0" type="stmt"/>
        <line num="28" count="0" type="stmt"/>
        <line num="32" count="0" type="stmt"/>
        <line num="39" count="0" type="stmt"/>
        <line num="40" count="0" type="stmt"/>
      </file>
      <file name="AuthorItem.js" path="/home/qli/WebstormProjects/random-post/src/DetailScreen/AuthorItem.js">
        <metrics statements="2" coveredstatements="1" conditionals="0" coveredconditionals="0" methods="1" coveredmethods="0"/>
        <line num="5" count="1" type="stmt"/>
        <line num="6" count="0" type="stmt"/>
      </file>
    </package>
    <package name="random-post.src.PostScreen">
      <metrics statements="18" coveredstatements="12" conditionals="2" coveredconditionals="2" methods="12" coveredmethods="5"/>
      <file name="PostScreen.js" path="/home/qli/WebstormProjects/random-post/src/PostScreen/PostScreen.js">
        <metrics statements="16" coveredstatements="11" conditionals="2" coveredconditionals="2" methods="11" coveredmethods="5"/>
        <line num="13" count="1" type="stmt"/>
        <line num="14" count="1" type="stmt"/>
        <line num="16" count="1" type="stmt"/>
        <line num="17" count="2" type="stmt"/>
        <line num="18" count="2" type="stmt"/>
        <line num="20" count="2" type="stmt"/>
        <line num="21" count="1" type="stmt"/>
        <line num="22" count="1" type="stmt"/>
        <line num="23" count="0" type="stmt"/>
        <line num="24" count="1" type="stmt"/>
        <line num="25" count="1" type="stmt"/>
        <line num="30" count="2" type="stmt"/>
        <line num="34" count="0" type="stmt"/>
        <line num="43" count="0" type="stmt"/>
        <line num="46" count="0" type="stmt"/>
        <line num="48" count="0" type="stmt"/>
      </file>
      <file name="PostItem.js" path="/home/qli/WebstormProjects/random-post/src/PostScreen/PostItem.js">
        <metrics statements="2" coveredstatements="1" conditionals="0" coveredconditionals="0" methods="1" coveredmethods="0"/>
        <line num="8" count="1" type="stmt"/>
        <line num="9" count="0" type="stmt"/>
      </file>
    </package>
  </project>
</coverage>
