{"/home/qli/WebstormProjects/random-post/App.js": {"path":"/home/qli/WebstormProjects/random-post/App.js","statementMap":{"0":{"start":{"line":7,"column":14},"end":{"line":7,"column":36}},"1":{"start":{"line":9,"column":12},"end":{"line":26,"column":1}},"2":{"start":{"line":10,"column":2},"end":{"line":25,"column":4}}},"fnMap":{"0":{"name":"(anonymous_0)","decl":{"start":{"line":9,"column":12},"end":{"line":9,"column":13}},"loc":{"start":{"line":9,"column":18},"end":{"line":26,"column":1}},"line":9}},"branchMap":{},"s":{"0":1,"1":1,"2":2},"f":{"0":2},"b":{},"_coverageSchema":"1a1c01bbd47fc00a2c39e90264f33305004495a9","hash":"e68e03fa79ce77f2d88db9beabfc8bb74626cb02"}
,"/home/qli/WebstormProjects/random-post/src/styles.js": {"path":"/home/qli/WebstormProjects/random-post/src/styles.js","statementMap":{"0":{"start":{"line":3,"column":15},"end":{"line":28,"column":2}}},"fnMap":{},"branchMap":{},"s":{"0":1},"f":{},"b":{},"_coverageSchema":"1a1c01bbd47fc00a2c39e90264f33305004495a9","hash":"e3f60ed7cbba5b2892e3cb7b046820a9c32ef9a7"}
,"/home/qli/WebstormProjects/random-post/src/DetailScreen/AuthorItem.js": {"path":"/home/qli/WebstormProjects/random-post/src/DetailScreen/AuthorItem.js","statementMap":{"0":{"start":{"line":5,"column":19},"end":{"line":12,"column":1}},"1":{"start":{"line":6,"column":2},"end":{"line":11,"column":15}}},"fnMap":{"0":{"name":"(anonymous_0)","decl":{"start":{"line":5,"column":19},"end":{"line":5,"column":20}},"loc":{"start":{"line":6,"column":2},"end":{"line":11,"column":15}},"line":6}},"branchMap":{},"s":{"0":1,"1":0},"f":{"0":0},"b":{},"_coverageSchema":"1a1c01bbd47fc00a2c39e90264f33305004495a9","hash":"ff307cb1a84ece7f5379bb6125c8b78230d2cf9d"}
,"/home/qli/WebstormProjects/random-post/src/DetailScreen/DetailScreen.js": {"path":"/home/qli/WebstormProjects/random-post/src/DetailScreen/DetailScreen.js","statementMap":{"0":{"start":{"line":6,"column":18},"end":{"line":6,"column":61}},"1":{"start":{"line":7,"column":22},"end":{"line":7,"column":61}},"2":{"start":{"line":7,"column":28},"end":{"line":7,"column":61}},"3":{"start":{"line":9,"column":21},"end":{"line":39,"column":1}},"4":{"start":{"line":10,"column":17},"end":{"line":10,"column":41}},"5":{"start":{"line":11,"column":34},"end":{"line":11,"column":48}},"6":{"start":{"line":12,"column":26},"end":{"line":12,"column":38}},"7":{"start":{"line":14,"column":2},"end":{"line":20,"column":5}},"8":{"start":{"line":15,"column":4},"end":{"line":19,"column":40}},"9":{"start":{"line":16,"column":26},"end":{"line":16,"column":41}},"10":{"start":{"line":17,"column":22},"end":{"line":17,"column":35}},"11":{"start":{"line":18,"column":24},"end":{"line":18,"column":36}},"12":{"start":{"line":19,"column":21},"end":{"line":19,"column":38}},"13":{"start":{"line":22,"column":2},"end":{"line":38,"column":4}},"14":{"start":{"line":24,"column":55},"end":{"line":24,"column":74}},"15":{"start":{"line":31,"column":35},"end":{"line":31,"column":50}},"16":{"start":{"line":32,"column":34},"end":{"line":32,"column":41}}},"fnMap":{"0":{"name":"(anonymous_0)","decl":{"start":{"line":7,"column":22},"end":{"line":7,"column":23}},"loc":{"start":{"line":7,"column":28},"end":{"line":7,"column":61}},"line":7},"1":{"name":"(anonymous_1)","decl":{"start":{"line":9,"column":21},"end":{"line":9,"column":22}},"loc":{"start":{"line":9,"column":48},"end":{"line":39,"column":1}},"line":9},"2":{"name":"(anonymous_2)","decl":{"start":{"line":14,"column":12},"end":{"line":14,"column":13}},"loc":{"start":{"line":14,"column":18},"end":{"line":20,"column":3}},"line":14},"3":{"name":"(anonymous_3)","decl":{"start":{"line":16,"column":12},"end":{"line":16,"column":13}},"loc":{"start":{"line":16,"column":26},"end":{"line":16,"column":41}},"line":16},"4":{"name":"(anonymous_4)","decl":{"start":{"line":17,"column":12},"end":{"line":17,"column":13}},"loc":{"start":{"line":17,"column":22},"end":{"line":17,"column":35}},"line":17},"5":{"name":"(anonymous_5)","decl":{"start":{"line":18,"column":13},"end":{"line":18,"column":14}},"loc":{"start":{"line":18,"column":24},"end":{"line":18,"column":36}},"line":18},"6":{"name":"(anonymous_6)","decl":{"start":{"line":19,"column":15},"end":{"line":19,"column":16}},"loc":{"start":{"line":19,"column":21},"end":{"line":19,"column":38}},"line":19},"7":{"name":"(anonymous_7)","decl":{"start":{"line":24,"column":49},"end":{"line":24,"column":50}},"loc":{"start":{"line":24,"column":55},"end":{"line":24,"column":74}},"line":24},"8":{"name":"(anonymous_8)","decl":{"start":{"line":31,"column":28},"end":{"line":31,"column":29}},"loc":{"start":{"line":31,"column":35},"end":{"line":31,"column":50}},"line":31},"9":{"name":"(anonymous_9)","decl":{"start":{"line":32,"column":24},"end":{"line":32,"column":25}},"loc":{"start":{"line":32,"column":34},"end":{"line":32,"column":41}},"line":32}},"branchMap":{"0":{"loc":{"start":{"line":25,"column":7},"end":{"line":36,"column":7}},"type":"cond-expr","locations":[{"start":{"line":26,"column":8},"end":{"line":28,"column":15}},{"start":{"line":30,"column":8},"end":{"line":35,"column":10}}],"line":25}},"s":{"0":1,"1":1,"2":0,"3":1,"4":0,"5":0,"6":0,"7":0,"8":0,"9":0,"10":0,"11":0,"12":0,"13":0,"14":0,"15":0,"16":0},"f":{"0":0,"1":0,"2":0,"3":0,"4":0,"5":0,"6":0,"7":0,"8":0,"9":0},"b":{"0":[0,0]},"_coverageSchema":"1a1c01bbd47fc00a2c39e90264f33305004495a9","hash":"ba9035a323f4a85f932eefaca39ff24ae3a78927"}
,"/home/qli/WebstormProjects/random-post/src/PostScreen/PostItem.js": {"path":"/home/qli/WebstormProjects/random-post/src/PostScreen/PostItem.js","statementMap":{"0":{"start":{"line":7,"column":30},"end":{"line":7,"column":40}},"1":{"start":{"line":8,"column":4},"end":{"line":15,"column":6}}},"fnMap":{"0":{"name":"(anonymous_0)","decl":{"start":{"line":6,"column":2},"end":{"line":6,"column":3}},"loc":{"start":{"line":6,"column":11},"end":{"line":16,"column":3}},"line":6}},"branchMap":{},"s":{"0":0,"1":0},"f":{"0":0},"b":{},"_coverageSchema":"1a1c01bbd47fc00a2c39e90264f33305004495a9","hash":"65ca4f48c11f32eb51752ee7ec50a5f2bc8fc44b"}
,"/home/qli/WebstormProjects/random-post/src/PostScreen/PostScreen.js": {"path":"/home/qli/WebstormProjects/random-post/src/PostScreen/PostScreen.js","statementMap":{"0":{"start":{"line":6,"column":16},"end":{"line":6,"column":59}},"1":{"start":{"line":7,"column":22},"end":{"line":7,"column":61}},"2":{"start":{"line":7,"column":28},"end":{"line":7,"column":61}},"3":{"start":{"line":9,"column":19},"end":{"line":47,"column":1}},"4":{"start":{"line":11,"column":34},"end":{"line":11,"column":48}},"5":{"start":{"line":12,"column":26},"end":{"line":12,"column":38}},"6":{"start":{"line":14,"column":2},"end":{"line":22,"column":9}},"7":{"start":{"line":15,"column":18},"end":{"line":15,"column":22}},"8":{"start":{"line":16,"column":4},"end":{"line":20,"column":59}},"9":{"start":{"line":17,"column":27},"end":{"line":17,"column":42}},"10":{"start":{"line":18,"column":23},"end":{"line":18,"column":53}},"11":{"start":{"line":19,"column":25},"end":{"line":19,"column":37}},"12":{"start":{"line":20,"column":22},"end":{"line":20,"column":56}},"13":{"start":{"line":21,"column":4},"end":{"line":21,"column":37}},"14":{"start":{"line":21,"column":18},"end":{"line":21,"column":36}},"15":{"start":{"line":24,"column":2},"end":{"line":46,"column":4}},"16":{"start":{"line":33,"column":34},"end":{"line":33,"column":41}},"17":{"start":{"line":36,"column":12},"end":{"line":41,"column":14}},"18":{"start":{"line":39,"column":16},"end":{"line":39,"column":68}}},"fnMap":{"0":{"name":"(anonymous_0)","decl":{"start":{"line":7,"column":22},"end":{"line":7,"column":23}},"loc":{"start":{"line":7,"column":28},"end":{"line":7,"column":61}},"line":7},"1":{"name":"(anonymous_1)","decl":{"start":{"line":9,"column":19},"end":{"line":9,"column":20}},"loc":{"start":{"line":9,"column":39},"end":{"line":47,"column":1}},"line":9},"2":{"name":"(anonymous_2)","decl":{"start":{"line":14,"column":12},"end":{"line":14,"column":13}},"loc":{"start":{"line":14,"column":18},"end":{"line":22,"column":3}},"line":14},"3":{"name":"(anonymous_3)","decl":{"start":{"line":17,"column":12},"end":{"line":17,"column":13}},"loc":{"start":{"line":17,"column":27},"end":{"line":17,"column":42}},"line":17},"4":{"name":"(anonymous_4)","decl":{"start":{"line":18,"column":12},"end":{"line":18,"column":13}},"loc":{"start":{"line":18,"column":23},"end":{"line":18,"column":53}},"line":18},"5":{"name":"(anonymous_5)","decl":{"start":{"line":19,"column":13},"end":{"line":19,"column":14}},"loc":{"start":{"line":19,"column":25},"end":{"line":19,"column":37}},"line":19},"6":{"name":"(anonymous_6)","decl":{"start":{"line":20,"column":15},"end":{"line":20,"column":16}},"loc":{"start":{"line":20,"column":22},"end":{"line":20,"column":56}},"line":20},"7":{"name":"(anonymous_7)","decl":{"start":{"line":21,"column":11},"end":{"line":21,"column":12}},"loc":{"start":{"line":21,"column":17},"end":{"line":21,"column":37}},"line":21},"8":{"name":"(anonymous_8)","decl":{"start":{"line":33,"column":24},"end":{"line":33,"column":25}},"loc":{"start":{"line":33,"column":34},"end":{"line":33,"column":41}},"line":33},"9":{"name":"(anonymous_9)","decl":{"start":{"line":35,"column":22},"end":{"line":35,"column":23}},"loc":{"start":{"line":36,"column":12},"end":{"line":41,"column":14}},"line":36},"10":{"name":"(anonymous_10)","decl":{"start":{"line":38,"column":23},"end":{"line":38,"column":24}},"loc":{"start":{"line":39,"column":16},"end":{"line":39,"column":68}},"line":39}},"branchMap":{"0":{"loc":{"start":{"line":18,"column":23},"end":{"line":18,"column":53}},"type":"cond-expr","locations":[{"start":{"line":18,"column":33},"end":{"line":18,"column":46}},{"start":{"line":18,"column":49},"end":{"line":18,"column":53}}],"line":18},"1":{"loc":{"start":{"line":20,"column":22},"end":{"line":20,"column":56}},"type":"cond-expr","locations":[{"start":{"line":20,"column":32},"end":{"line":20,"column":49}},{"start":{"line":20,"column":52},"end":{"line":20,"column":56}}],"line":20},"2":{"loc":{"start":{"line":26,"column":7},"end":{"line":44,"column":7}},"type":"cond-expr","locations":[{"start":{"line":27,"column":8},"end":{"line":29,"column":15}},{"start":{"line":31,"column":8},"end":{"line":43,"column":10}}],"line":26}},"s":{"0":1,"1":1,"2":0,"3":1,"4":2,"5":2,"6":2,"7":1,"8":1,"9":1,"10":0,"11":1,"12":1,"13":1,"14":0,"15":2,"16":0,"17":0,"18":0},"f":{"0":0,"1":2,"2":1,"3":1,"4":0,"5":1,"6":1,"7":0,"8":0,"9":0,"10":0},"b":{"0":[0,0],"1":[1,0],"2":[1,1]},"_coverageSchema":"1a1c01bbd47fc00a2c39e90264f33305004495a9","hash":"bc3b4ffa4ee19e8d27d4ed12c06f7839063be4e9"}
}
