{"/home/qli/WebstormProjects/random-post/App.js": {"path":"/home/qli/WebstormProjects/random-post/App.js","statementMap":{"0":{"start":{"line":7,"column":14},"end":{"line":7,"column":36}},"1":{"start":{"line":9,"column":12},"end":{"line":25,"column":1}},"2":{"start":{"line":10,"column":2},"end":{"line":24,"column":4}}},"fnMap":{"0":{"name":"(anonymous_0)","decl":{"start":{"line":9,"column":12},"end":{"line":9,"column":13}},"loc":{"start":{"line":9,"column":18},"end":{"line":25,"column":1}},"line":9}},"branchMap":{},"s":{"0":1,"1":1,"2":2},"f":{"0":2},"b":{},"_coverageSchema":"1a1c01bbd47fc00a2c39e90264f33305004495a9","hash":"0906e73f40d6c877577e36aad6169fe43c01fa61"}
,"/home/qli/WebstormProjects/random-post/src/styles.js": {"path":"/home/qli/WebstormProjects/random-post/src/styles.js","statementMap":{"0":{"start":{"line":3,"column":15},"end":{"line":30,"column":2}}},"fnMap":{},"branchMap":{},"s":{"0":1},"f":{},"b":{},"_coverageSchema":"1a1c01bbd47fc00a2c39e90264f33305004495a9","hash":"0e2444ad48f5927bf9061b4cdd32814a2f2491ff"}
,"/home/qli/WebstormProjects/random-post/src/DetailScreen/DetailScreen.js": {"path":"/home/qli/WebstormProjects/random-post/src/DetailScreen/DetailScreen.js","statementMap":{"0":{"start":{"line":12,"column":18},"end":{"line":12,"column":61}},"1":{"start":{"line":13,"column":22},"end":{"line":13,"column":61}},"2":{"start":{"line":13,"column":28},"end":{"line":13,"column":61}},"3":{"start":{"line":15,"column":21},"end":{"line":47,"column":1}},"4":{"start":{"line":16,"column":17},"end":{"line":16,"column":41}},"5":{"start":{"line":17,"column":34},"end":{"line":17,"column":48}},"6":{"start":{"line":18,"column":26},"end":{"line":18,"column":38}},"7":{"start":{"line":20,"column":2},"end":{"line":26,"column":5}},"8":{"start":{"line":21,"column":4},"end":{"line":25,"column":40}},"9":{"start":{"line":22,"column":24},"end":{"line":22,"column":39}},"10":{"start":{"line":23,"column":20},"end":{"line":23,"column":33}},"11":{"start":{"line":24,"column":22},"end":{"line":24,"column":34}},"12":{"start":{"line":25,"column":21},"end":{"line":25,"column":38}},"13":{"start":{"line":28,"column":2},"end":{"line":46,"column":4}},"14":{"start":{"line":32,"column":42},"end":{"line":32,"column":61}},"15":{"start":{"line":39,"column":33},"end":{"line":39,"column":48}},"16":{"start":{"line":40,"column":32},"end":{"line":40,"column":39}}},"fnMap":{"0":{"name":"(anonymous_0)","decl":{"start":{"line":13,"column":22},"end":{"line":13,"column":23}},"loc":{"start":{"line":13,"column":28},"end":{"line":13,"column":61}},"line":13},"1":{"name":"(anonymous_1)","decl":{"start":{"line":15,"column":21},"end":{"line":15,"column":22}},"loc":{"start":{"line":15,"column":46},"end":{"line":47,"column":1}},"line":15},"2":{"name":"(anonymous_2)","decl":{"start":{"line":20,"column":12},"end":{"line":20,"column":13}},"loc":{"start":{"line":20,"column":18},"end":{"line":26,"column":3}},"line":20},"3":{"name":"(anonymous_3)","decl":{"start":{"line":22,"column":12},"end":{"line":22,"column":13}},"loc":{"start":{"line":22,"column":24},"end":{"line":22,"column":39}},"line":22},"4":{"name":"(anonymous_4)","decl":{"start":{"line":23,"column":12},"end":{"line":23,"column":13}},"loc":{"start":{"line":23,"column":20},"end":{"line":23,"column":33}},"line":23},"5":{"name":"(anonymous_5)","decl":{"start":{"line":24,"column":13},"end":{"line":24,"column":14}},"loc":{"start":{"line":24,"column":22},"end":{"line":24,"column":34}},"line":24},"6":{"name":"(anonymous_6)","decl":{"start":{"line":25,"column":15},"end":{"line":25,"column":16}},"loc":{"start":{"line":25,"column":21},"end":{"line":25,"column":38}},"line":25},"7":{"name":"(anonymous_7)","decl":{"start":{"line":32,"column":36},"end":{"line":32,"column":37}},"loc":{"start":{"line":32,"column":42},"end":{"line":32,"column":61}},"line":32},"8":{"name":"(anonymous_8)","decl":{"start":{"line":39,"column":28},"end":{"line":39,"column":29}},"loc":{"start":{"line":39,"column":33},"end":{"line":39,"column":48}},"line":39},"9":{"name":"(anonymous_9)","decl":{"start":{"line":40,"column":24},"end":{"line":40,"column":25}},"loc":{"start":{"line":40,"column":32},"end":{"line":40,"column":39}},"line":40}},"branchMap":{"0":{"loc":{"start":{"line":33,"column":7},"end":{"line":44,"column":7}},"type":"cond-expr","locations":[{"start":{"line":34,"column":8},"end":{"line":36,"column":15}},{"start":{"line":38,"column":8},"end":{"line":43,"column":10}}],"line":33}},"s":{"0":1,"1":1,"2":0,"3":1,"4":0,"5":0,"6":0,"7":0,"8":0,"9":0,"10":0,"11":0,"12":0,"13":0,"14":0,"15":0,"16":0},"f":{"0":0,"1":0,"2":0,"3":0,"4":0,"5":0,"6":0,"7":0,"8":0,"9":0},"b":{"0":[0,0]},"_coverageSchema":"1a1c01bbd47fc00a2c39e90264f33305004495a9","hash":"04f03d4312e66fb07f387599b31ebf4d8ee6d769"}
,"/home/qli/WebstormProjects/random-post/src/DetailScreen/RenderAuthor.js": {"path":"/home/qli/WebstormProjects/random-post/src/DetailScreen/RenderAuthor.js","statementMap":{"0":{"start":{"line":5,"column":25},"end":{"line":13,"column":1}},"1":{"start":{"line":6,"column":2},"end":{"line":12,"column":15}}},"fnMap":{"0":{"name":"(anonymous_0)","decl":{"start":{"line":5,"column":25},"end":{"line":5,"column":26}},"loc":{"start":{"line":6,"column":2},"end":{"line":12,"column":15}},"line":6}},"branchMap":{},"s":{"0":1,"1":0},"f":{"0":0},"b":{},"_coverageSchema":"1a1c01bbd47fc00a2c39e90264f33305004495a9","hash":"6550329101d9e194259f604d1e6c8f68ab70769e"}
,"/home/qli/WebstormProjects/random-post/src/PostScreen/PostScreen.js": {"path":"/home/qli/WebstormProjects/random-post/src/PostScreen/PostScreen.js","statementMap":{"0":{"start":{"line":13,"column":16},"end":{"line":13,"column":59}},"1":{"start":{"line":14,"column":22},"end":{"line":14,"column":61}},"2":{"start":{"line":14,"column":28},"end":{"line":14,"column":61}},"3":{"start":{"line":16,"column":19},"end":{"line":55,"column":1}},"4":{"start":{"line":17,"column":34},"end":{"line":17,"column":48}},"5":{"start":{"line":18,"column":26},"end":{"line":18,"column":38}},"6":{"start":{"line":20,"column":2},"end":{"line":26,"column":5}},"7":{"start":{"line":21,"column":4},"end":{"line":25,"column":40}},"8":{"start":{"line":22,"column":24},"end":{"line":22,"column":39}},"9":{"start":{"line":23,"column":20},"end":{"line":23,"column":33}},"10":{"start":{"line":24,"column":22},"end":{"line":24,"column":34}},"11":{"start":{"line":25,"column":21},"end":{"line":25,"column":38}},"12":{"start":{"line":30,"column":2},"end":{"line":54,"column":4}},"13":{"start":{"line":34,"column":23},"end":{"line":34,"column":68}},"14":{"start":{"line":43,"column":32},"end":{"line":43,"column":39}},"15":{"start":{"line":46,"column":12},"end":{"line":49,"column":14}},"16":{"start":{"line":48,"column":29},"end":{"line":48,"column":79}}},"fnMap":{"0":{"name":"(anonymous_0)","decl":{"start":{"line":14,"column":22},"end":{"line":14,"column":23}},"loc":{"start":{"line":14,"column":28},"end":{"line":14,"column":61}},"line":14},"1":{"name":"(anonymous_1)","decl":{"start":{"line":16,"column":19},"end":{"line":16,"column":20}},"loc":{"start":{"line":16,"column":37},"end":{"line":55,"column":1}},"line":16},"2":{"name":"(anonymous_2)","decl":{"start":{"line":20,"column":12},"end":{"line":20,"column":13}},"loc":{"start":{"line":20,"column":18},"end":{"line":26,"column":3}},"line":20},"3":{"name":"(anonymous_3)","decl":{"start":{"line":22,"column":12},"end":{"line":22,"column":13}},"loc":{"start":{"line":22,"column":24},"end":{"line":22,"column":39}},"line":22},"4":{"name":"(anonymous_4)","decl":{"start":{"line":23,"column":12},"end":{"line":23,"column":13}},"loc":{"start":{"line":23,"column":20},"end":{"line":23,"column":33}},"line":23},"5":{"name":"(anonymous_5)","decl":{"start":{"line":24,"column":13},"end":{"line":24,"column":14}},"loc":{"start":{"line":24,"column":22},"end":{"line":24,"column":34}},"line":24},"6":{"name":"(anonymous_6)","decl":{"start":{"line":25,"column":15},"end":{"line":25,"column":16}},"loc":{"start":{"line":25,"column":21},"end":{"line":25,"column":38}},"line":25},"7":{"name":"(anonymous_7)","decl":{"start":{"line":34,"column":17},"end":{"line":34,"column":18}},"loc":{"start":{"line":34,"column":23},"end":{"line":34,"column":68}},"line":34},"8":{"name":"(anonymous_8)","decl":{"start":{"line":43,"column":24},"end":{"line":43,"column":25}},"loc":{"start":{"line":43,"column":32},"end":{"line":43,"column":39}},"line":43},"9":{"name":"(anonymous_9)","decl":{"start":{"line":45,"column":22},"end":{"line":45,"column":23}},"loc":{"start":{"line":46,"column":12},"end":{"line":49,"column":14}},"line":46},"10":{"name":"(anonymous_10)","decl":{"start":{"line":48,"column":23},"end":{"line":48,"column":24}},"loc":{"start":{"line":48,"column":29},"end":{"line":48,"column":79}},"line":48}},"branchMap":{"0":{"loc":{"start":{"line":36,"column":7},"end":{"line":52,"column":7}},"type":"cond-expr","locations":[{"start":{"line":37,"column":8},"end":{"line":39,"column":15}},{"start":{"line":41,"column":8},"end":{"line":51,"column":10}}],"line":36}},"s":{"0":1,"1":1,"2":0,"3":1,"4":2,"5":2,"6":2,"7":1,"8":1,"9":0,"10":1,"11":1,"12":2,"13":0,"14":0,"15":0,"16":0},"f":{"0":0,"1":2,"2":1,"3":1,"4":0,"5":1,"6":1,"7":0,"8":0,"9":0,"10":0},"b":{"0":[1,1]},"_coverageSchema":"1a1c01bbd47fc00a2c39e90264f33305004495a9","hash":"a651662806585f30b6aa0f852eac036762c4ab79"}
,"/home/qli/WebstormProjects/random-post/src/PostScreen/RenderPost.js": {"path":"/home/qli/WebstormProjects/random-post/src/PostScreen/RenderPost.js","statementMap":{"0":{"start":{"line":8,"column":17},"end":{"line":16,"column":1}},"1":{"start":{"line":9,"column":2},"end":{"line":15,"column":21}}},"fnMap":{"0":{"name":"(anonymous_0)","decl":{"start":{"line":8,"column":17},"end":{"line":8,"column":18}},"loc":{"start":{"line":9,"column":2},"end":{"line":15,"column":21}},"line":9}},"branchMap":{},"s":{"0":1,"1":0},"f":{"0":0},"b":{},"_coverageSchema":"1a1c01bbd47fc00a2c39e90264f33305004495a9","hash":"b0e9ab9b55d325f2f7bbcae0747052a3708dce65"}
}
